Using pre-set license
Built from '2020.3/staging' branch; Version is '2020.3.8f1 (507919d4fff5) revision 5273881'; Using compiler version '192528614'; Build Type 'Release'
OS: 'Windows 10 Pro; OS build 19042.1288; Version 2009; 64bit' Language: 'en' Physical Memory: 32682 MB
BatchMode: 1, IsHumanControllingUs: 0, StartBugReporterOnCrash: 0, Is64bit: 1, IsPro: 0

 COMMAND LINE ARGUMENTS:
C:\Program Files\Unity\2020.3.8f1\Editor\Unity.exe
-adb2
-batchMode
-noUpm
-name
AssetImportWorker0
-projectPath
E:/Catch Backup/Unity Projects/Tiling System 1.0 Beta
-logFile
Logs/AssetImportWorker0.log
-srvPort
18421
Successfully changed project path to: E:/Catch Backup/Unity Projects/Tiling System 1.0 Beta
E:/Catch Backup/Unity Projects/Tiling System 1.0 Beta
Using Asset Import Pipeline V2.
Refreshing native plugins compatible for Editor in 33.73 ms, found 0 plugins.
Preloading 0 native plugins for Editor in 0.00 ms.
Initialize engine version: 2020.3.8f1 (507919d4fff5)
[Subsystems] Discovering subsystems at path C:/Program Files/Unity/2020.3.8f1/Editor/Data/Resources/UnitySubsystems
[Subsystems] Discovering subsystems at path E:/Catch Backup/Unity Projects/Tiling System 1.0 Beta/Assets
GfxDevice: creating device client; threaded=0
Direct3D:
    Version:  Direct3D 11.0 [level 11.1]
    Renderer: NVIDIA GeForce RTX 2080 (ID=0x1e82)
    Vendor:   
    VRAM:     8010 MB
    Driver:   30.0.14.7212
Initialize mono
Mono path[0] = 'C:/Program Files/Unity/2020.3.8f1/Editor/Data/Managed'
Mono path[1] = 'C:/Program Files/Unity/2020.3.8f1/Editor/Data/MonoBleedingEdge/lib/mono/unityjit'
Mono config path = 'C:/Program Files/Unity/2020.3.8f1/Editor/Data/MonoBleedingEdge/etc'
Using monoOptions --debugger-agent=transport=dt_socket,embedding=1,server=y,suspend=n,address=127.0.0.1:56056
Begin MonoManager ReloadAssembly
Registering precompiled unity dll's ...
Register platform support module: C:/Program Files/Unity/2020.3.8f1/Editor/Data/PlaybackEngines/WindowsStandaloneSupport/UnityEditor.WindowsStandalone.Extensions.dll
Registered in 0.002865 seconds.
Native extension for WindowsStandalone target not found
Refreshing native plugins compatible for Editor in 22.47 ms, found 0 plugins.
Preloading 0 native plugins for Editor in 0.00 ms.
Mono: successfully reloaded assembly
- Completed reload, in  2.467 seconds
Platform modules already initialized, skipping
Registering precompiled user dll's ...
Registered in 0.000741 seconds.
Begin MonoManager ReloadAssembly
Native extension for WindowsStandalone target not found
Refreshing native plugins compatible for Editor in 0.20 ms, found 0 plugins.
Preloading 0 native plugins for Editor in 0.00 ms.
Mono: successfully reloaded assembly
- Completed reload, in  0.828 seconds
Platform modules already initialized, skipping
========================================================================
Worker process is ready to serve import requests
Launched and connected shader compiler UnityShaderCompiler.exe after 0.05 seconds
Refreshing native plugins compatible for Editor in 0.19 ms, found 0 plugins.
Preloading 0 native plugins for Editor in 0.00 ms.
Unloading 1181 Unused Serialized files (Serialized files now loaded: 0)
System memory in use before: 60.8 MB.
System memory in use after: 60.8 MB.

Unloading 10 unused Assets to reduce memory usage. Loaded Objects now: 1625.
Total: 1.497400 ms (FindLiveObjects: 0.127600 ms CreateObjectMapping: 0.025200 ms MarkObjects: 1.271000 ms  DeleteObjects: 0.072400 ms)

========================================================================
Received Import Request.
  path: Assets/Resources/SO/Tiles/Default 3.asset
  artifactKey: Guid(dc73d7ff1af6341458be8ca81c563bd3) Importer(815301076,1909f56bfc062723c751e8b465ee728b)
Start importing Assets/Resources/SO/Tiles/Default 3.asset using Guid(dc73d7ff1af6341458be8ca81c563bd3) Importer(815301076,1909f56bfc062723c751e8b465ee728b)  -> (artifact id: '0d23a14d936d76431c864c5ed6637692') in 0.047750 seconds
  Import took 0.049474 seconds .

========================================================================
Received Import Request.
  Time since last request: 645.279704 seconds.
  path: Assets/Resources/SO/Tiles/Default 2.asset
  artifactKey: Guid(64a622c01e1d1a84caff7d2d9757eabc) Importer(815301076,1909f56bfc062723c751e8b465ee728b)
Start importing Assets/Resources/SO/Tiles/Default 2.asset using Guid(64a622c01e1d1a84caff7d2d9757eabc) Importer(815301076,1909f56bfc062723c751e8b465ee728b)  -> (artifact id: '3cae1c06cb1b44ff791c571199cc8cce') in 0.005203 seconds
  Import took 0.007134 seconds .

========================================================================
Received Prepare
Registering precompiled user dll's ...
Registered in 0.000781 seconds.
Begin MonoManager ReloadAssembly
Native extension for WindowsStandalone target not found
Refreshing native plugins compatible for Editor in 0.20 ms, found 0 plugins.
Preloading 0 native plugins for Editor in 0.00 ms.
Mono: successfully reloaded assembly
- Completed reload, in  0.793 seconds
Platform modules already initialized, skipping
Refreshing native plugins compatible for Editor in 0.24 ms, found 0 plugins.
Preloading 0 native plugins for Editor in 0.00 ms.
Unloading 1163 Unused Serialized files (Serialized files now loaded: 0)
System memory in use before: 59.5 MB.
System memory in use after: 59.5 MB.

Unloading 5 unused Assets to reduce memory usage. Loaded Objects now: 1628.
Total: 1.578500 ms (FindLiveObjects: 0.162700 ms CreateObjectMapping: 0.027400 ms MarkObjects: 1.329900 ms  DeleteObjects: 0.057400 ms)

========================================================================
Received Prepare
Registering precompiled user dll's ...
Registered in 0.000700 seconds.
Begin MonoManager ReloadAssembly
Native extension for WindowsStandalone target not found
Refreshing native plugins compatible for Editor in 0.19 ms, found 0 plugins.
Preloading 0 native plugins for Editor in 0.00 ms.
Mono: successfully reloaded assembly
- Completed reload, in  0.768 seconds
Platform modules already initialized, skipping
Refreshing native plugins compatible for Editor in 0.19 ms, found 0 plugins.
Preloading 0 native plugins for Editor in 0.00 ms.
Unloading 1163 Unused Serialized files (Serialized files now loaded: 0)
System memory in use before: 59.5 MB.
System memory in use after: 59.6 MB.

Unloading 5 unused Assets to reduce memory usage. Loaded Objects now: 1631.
Total: 1.395200 ms (FindLiveObjects: 0.113400 ms CreateObjectMapping: 0.025000 ms MarkObjects: 1.206400 ms  DeleteObjects: 0.049400 ms)

AssetImportWorkerClient::OnTransportError - code=2 error=End of file
